# JRE version: Java(TM) SE Runtime Environment (8.0_20-b26) (build 1.8.0_20-b26)
# Java VM: Java HotSpot(TM) 64-Bit Server VM (25.20-b23 mixed mode windows-amd64 compressed oops)
Heap:
 PSYoungGen      total 18944K, used 7232K [0x00000000eb000000, 0x00000000ec500000, 0x0000000100000000)
  eden space 16384K, 44% used [0x00000000eb000000,0x00000000eb7101c8,0x00000000ec000000)
  from space 2560K, 0% used [0x00000000ec000000,0x00000000ec000000,0x00000000ec280000)
  to   space 2560K, 0% used [0x00000000ec280000,0x00000000ec280000,0x00000000ec500000)
 ParOldGen       total 31744K, used 1126K [0x00000000c1000000, 0x00000000c2f00000, 0x00000000eb000000)
  object space 31744K, 3% used [0x00000000c1000000,0x00000000c1119968,0x00000000c2f00000)
 Metaspace       used 13585K, capacity 13780K, committed 13952K, reserved 1062912K
  class space    used 1781K, capacity 1824K, committed 1920K, reserved 1048576K
GC Heap History (4 events):
Event: 0.724 GC heap before
{Heap before GC invocations=1 (full 0):
 PSYoungGen      total 18944K, used 3631K [0x00000000eb000000, 0x00000000ec500000, 0x0000000100000000)
  eden space 16384K, 22% used [0x00000000eb000000,0x00000000eb38be80,0x00000000ec000000)
  from space 2560K, 0% used [0x00000000ec280000,0x00000000ec280000,0x00000000ec500000)
  to   space 2560K, 0% used [0x00000000ec000000,0x00000000ec000000,0x00000000ec280000)
 ParOldGen       total 44032K, used 0K [0x00000000c1000000, 0x00000000c3b00000, 0x00000000eb000000)
  object space 44032K, 0% used [0x00000000c1000000,0x00000000c1000000,0x00000000c3b00000)
 Metaspace       used 7473K, capacity 7558K, committed 7680K, reserved 1060864K
  class space    used 904K, capacity 950K, committed 1024K, reserved 1048576K
Event: 0.729 GC heap after
Heap after GC invocations=1 (full 0):
 PSYoungGen      total 18944K, used 1232K [0x00000000eb000000, 0x00000000ec500000, 0x0000000100000000)
  eden space 16384K, 0% used [0x00000000eb000000,0x00000000eb000000,0x00000000ec000000)
  from space 2560K, 48% used [0x00000000ec000000,0x00000000ec134010,0x00000000ec280000)
  to   space 2560K, 0% used [0x00000000ec280000,0x00000000ec280000,0x00000000ec500000)
 ParOldGen       total 44032K, used 8K [0x00000000c1000000, 0x00000000c3b00000, 0x00000000eb000000)
  object space 44032K, 0% used [0x00000000c1000000,0x00000000c1002000,0x00000000c3b00000)
 Metaspace       used 7473K, capacity 7558K, committed 7680K, reserved 1060864K
  class space    used 904K, capacity 950K, committed 1024K, reserved 1048576K
}
Event: 0.729 GC heap before
{Heap before GC invocations=2 (full 1):
 PSYoungGen      total 18944K, used 1232K [0x00000000eb000000, 0x00000000ec500000, 0x0000000100000000)
  eden space 16384K, 0% used [0x00000000eb000000,0x00000000eb000000,0x00000000ec000000)
  from space 2560K, 48% used [0x00000000ec000000,0x00000000ec134010,0x00000000ec280000)
  to   space 2560K, 0% used [0x00000000ec280000,0x00000000ec280000,0x00000000ec500000)
 ParOldGen       total 44032K, used 8K [0x00000000c1000000, 0x00000000c3b00000, 0x00000000eb000000)
  object space 44032K, 0% used [0x00000000c1000000,0x00000000c1002000,0x00000000c3b00000)
 Metaspace       used 7473K, capacity 7558K, committed 7680K, reserved 1060864K
  class space    used 904K, capacity 950K, committed 1024K, reserved 1048576K
Event: 0.751 GC heap after
Heap after GC invocations=2 (full 1):
 PSYoungGen      total 18944K, used 0K [0x00000000eb000000, 0x00000000ec500000, 0x0000000100000000)
  eden space 16384K, 0% used [0x00000000eb000000,0x00000000eb000000,0x00000000ec000000)
  from space 2560K, 0% used [0x00000000ec000000,0x00000000ec000000,0x00000000ec280000)
  to   space 2560K, 0% used [0x00000000ec280000,0x00000000ec280000,0x00000000ec500000)
 ParOldGen       total 31744K, used 1126K [0x00000000c1000000, 0x00000000c2f00000, 0x00000000eb000000)
  object space 31744K, 3% used [0x00000000c1000000,0x00000000c1119968,0x00000000c2f00000)
 Metaspace       used 7472K, capacity 7556K, committed 7680K, reserved 1058816K
  class space    used 903K, capacity 949K, committed 1024K, reserved 1048576K
}

