# JRE version: Java(TM) SE Runtime Environment (8.0_20-b26) (build 1.8.0_20-b26)
# Java VM: Java HotSpot(TM) 64-Bit Server VM (25.20-b23 mixed mode windows-amd64 compressed oops)
Heap:
 PSYoungGen      total 61440K, used 39979K [0x00000000eb000000, 0x00000000f4f80000, 0x0000000100000000)
  eden space 58880K, 67% used [0x00000000eb000000,0x00000000ed70ae10,0x00000000ee980000)
  from space 2560K, 0% used [0x00000000ef000000,0x00000000ef000000,0x00000000ef280000)
  to   space 52224K, 0% used [0x00000000f1c80000,0x00000000f1c80000,0x00000000f4f80000)
 ParOldGen       total 181760K, used 181257K [0x00000000c1000000, 0x00000000cc180000, 0x00000000eb000000)
  object space 181760K, 99% used [0x00000000c1000000,0x00000000cc1024d0,0x00000000cc180000)
 Metaspace       used 12578K, capacity 12740K, committed 13056K, reserved 1060864K
  class space    used 1685K, capacity 1742K, committed 1792K, reserved 1048576K
GC Heap History (10 events):
Event: 9.569 GC heap before
{Heap before GC invocations=10 (full 3):
 PSYoungGen      total 111104K, used 111081K [0x00000000eb000000, 0x00000000f4f80000, 0x0000000100000000)
  eden space 58880K, 100% used [0x00000000eb000000,0x00000000ee980000,0x00000000ee980000)
  from space 52224K, 99% used [0x00000000f1c80000,0x00000000f4f7a600,0x00000000f4f80000)
  to   space 2560K, 0% used [0x00000000ef000000,0x00000000ef000000,0x00000000ef280000)
 ParOldGen       total 181760K, used 84937K [0x00000000c1000000, 0x00000000cc180000, 0x00000000eb000000)
  object space 181760K, 46% used [0x00000000c1000000,0x00000000c62f2700,0x00000000cc180000)
 Metaspace       used 12528K, capacity 12682K, committed 12800K, reserved 1060864K
  class space    used 1683K, capacity 1743K, committed 1792K, reserved 1048576K
Event: 9.726 GC heap after
Heap after GC invocations=10 (full 3):
 PSYoungGen      total 61440K, used 2560K [0x00000000eb000000, 0x00000000f4f80000, 0x0000000100000000)
  eden space 58880K, 0% used [0x00000000eb000000,0x00000000eb000000,0x00000000ee980000)
  from space 2560K, 100% used [0x00000000ef000000,0x00000000ef280000,0x00000000ef280000)
  to   space 52224K, 0% used [0x00000000f1c80000,0x00000000f1c80000,0x00000000f4f80000)
 ParOldGen       total 181760K, used 145355K [0x00000000c1000000, 0x00000000cc180000, 0x00000000eb000000)
  object space 181760K, 79% used [0x00000000c1000000,0x00000000c9df2ce0,0x00000000cc180000)
 Metaspace       used 12528K, capacity 12682K, committed 12800K, reserved 1060864K
  class space    used 1683K, capacity 1743K, committed 1792K, reserved 1048576K
}
Event: 9.726 GC heap before
{Heap before GC invocations=11 (full 4):
 PSYoungGen      total 61440K, used 2560K [0x00000000eb000000, 0x00000000f4f80000, 0x0000000100000000)
  eden space 58880K, 0% used [0x00000000eb000000,0x00000000eb000000,0x00000000ee980000)
  from space 2560K, 100% used [0x00000000ef000000,0x00000000ef280000,0x00000000ef280000)
  to   space 52224K, 0% used [0x00000000f1c80000,0x00000000f1c80000,0x00000000f4f80000)
 ParOldGen       total 181760K, used 145355K [0x00000000c1000000, 0x00000000cc180000, 0x00000000eb000000)
  object space 181760K, 79% used [0x00000000c1000000,0x00000000c9df2ce0,0x00000000cc180000)
 Metaspace       used 12528K, capacity 12682K, committed 12800K, reserved 1060864K
  class space    used 1683K, capacity 1743K, committed 1792K, reserved 1048576K
Event: 12.863 GC heap after
Heap after GC invocations=11 (full 4):
 PSYoungGen      total 61440K, used 0K [0x00000000eb000000, 0x00000000f4f80000, 0x0000000100000000)
  eden space 58880K, 0% used [0x00000000eb000000,0x00000000eb000000,0x00000000ee980000)
  from space 2560K, 0% used [0x00000000ef000000,0x00000000ef000000,0x00000000ef280000)
  to   space 52224K, 0% used [0x00000000f1c80000,0x00000000f1c80000,0x00000000f4f80000)
 ParOldGen       total 181760K, used 126458K [0x00000000c1000000, 0x00000000cc180000, 0x00000000eb000000)
  object space 181760K, 69% used [0x00000000c1000000,0x00000000c8b7ea10,0x00000000cc180000)
 Metaspace       used 12528K, capacity 12682K, committed 12800K, reserved 1060864K
  class space    used 1683K, capacity 1743K, committed 1792K, reserved 1048576K
}
Event: 13.052 GC heap before
{Heap before GC invocations=12 (full 5):
 PSYoungGen      total 61440K, used 58880K [0x00000000eb000000, 0x00000000f4f80000, 0x0000000100000000)
  eden space 58880K, 100% used [0x00000000eb000000,0x00000000ee980000,0x00000000ee980000)
  from space 2560K, 0% used [0x00000000ef000000,0x00000000ef000000,0x00000000ef280000)
  to   space 52224K, 0% used [0x00000000f1c80000,0x00000000f1c80000,0x00000000f4f80000)
 ParOldGen       total 181760K, used 162513K [0x00000000c1000000, 0x00000000cc180000, 0x00000000eb000000)
  object space 181760K, 89% used [0x00000000c1000000,0x00000000caeb4670,0x00000000cc180000)
 Metaspace       used 12528K, capacity 12682K, committed 12800K, reserved 1060864K
  class space    used 1683K, capacity 1743K, committed 1792K, reserved 1048576K
Event: 15.723 GC heap after
Heap after GC invocations=12 (full 5):
 PSYoungGen      total 61440K, used 0K [0x00000000eb000000, 0x00000000f4f80000, 0x0000000100000000)
  eden space 58880K, 0% used [0x00000000eb000000,0x00000000eb000000,0x00000000ee980000)
  from space 2560K, 0% used [0x00000000ef000000,0x00000000ef000000,0x00000000ef280000)
  to   space 52224K, 0% used [0x00000000f1c80000,0x00000000f1c80000,0x00000000f4f80000)
 ParOldGen       total 181760K, used 173275K [0x00000000c1000000, 0x00000000cc180000, 0x00000000eb000000)
  object space 181760K, 95% used [0x00000000c1000000,0x00000000cb936c30,0x00000000cc180000)
 Metaspace       used 12528K, capacity 12682K, committed 12800K, reserved 1060864K
  class space    used 1683K, capacity 1743K, committed 1792K, reserved 1048576K
}
Event: 15.918 GC heap before
{Heap before GC invocations=13 (full 6):
 PSYoungGen      total 61440K, used 47404K [0x00000000eb000000, 0x00000000f4f80000, 0x0000000100000000)
  eden space 58880K, 80% used [0x00000000eb000000,0x00000000ede4b2a8,0x00000000ee980000)
  from space 2560K, 0% used [0x00000000ef000000,0x00000000ef000000,0x00000000ef280000)
  to   space 52224K, 0% used [0x00000000f1c80000,0x00000000f1c80000,0x00000000f4f80000)
 ParOldGen       total 181760K, used 173275K [0x00000000c1000000, 0x00000000cc180000, 0x00000000eb000000)
  object space 181760K, 95% used [0x00000000c1000000,0x00000000cb936c30,0x00000000cc180000)
 Metaspace       used 12528K, capacity 12682K, committed 12800K, reserved 1060864K
  class space    used 1683K, capacity 1743K, committed 1792K, reserved 1048576K
Event: 19.111 GC heap after
Heap after GC invocations=13 (full 6):
 PSYoungGen      total 61440K, used 38413K [0x00000000eb000000, 0x00000000f4f80000, 0x0000000100000000)
  eden space 58880K, 65% used [0x00000000eb000000,0x00000000ed583710,0x00000000ee980000)
  from space 2560K, 0% used [0x00000000ef000000,0x00000000ef000000,0x00000000ef280000)
  to   space 52224K, 0% used [0x00000000f1c80000,0x00000000f1c80000,0x00000000f4f80000)
 ParOldGen       total 181760K, used 181466K [0x00000000c1000000, 0x00000000cc180000, 0x00000000eb000000)
  object space 181760K, 99% used [0x00000000c1000000,0x00000000cc136b80,0x00000000cc180000)
 Metaspace       used 12528K, capacity 12682K, committed 12800K, reserved 1060864K
  class space    used 1683K, capacity 1743K, committed 1792K, reserved 1048576K
}
Event: 19.111 GC heap before
{Heap before GC invocations=14 (full 7):
 PSYoungGen      total 61440K, used 38413K [0x00000000eb000000, 0x00000000f4f80000, 0x0000000100000000)
  eden space 58880K, 65% used [0x00000000eb000000,0x00000000ed583710,0x00000000ee980000)
  from space 2560K, 0% used [0x00000000ef000000,0x00000000ef000000,0x00000000ef280000)
  to   space 52224K, 0% used [0x00000000f1c80000,0x00000000f1c80000,0x00000000f4f80000)
 ParOldGen       total 181760K, used 181466K [0x00000000c1000000, 0x00000000cc180000, 0x00000000eb000000)
  object space 181760K, 99% used [0x00000000c1000000,0x00000000cc136b80,0x00000000cc180000)
 Metaspace       used 12528K, capacity 12682K, committed 12800K, reserved 1060864K
  class space    used 1683K, capacity 1743K, committed 1792K, reserved 1048576K
Event: 24.565 GC heap after
Heap after GC invocations=14 (full 7):
 PSYoungGen      total 61440K, used 38413K [0x00000000eb000000, 0x00000000f4f80000, 0x0000000100000000)
  eden space 58880K, 65% used [0x00000000eb000000,0x00000000ed583710,0x00000000ee980000)
  from space 2560K, 0% used [0x00000000ef000000,0x00000000ef000000,0x00000000ef280000)
  to   space 52224K, 0% used [0x00000000f1c80000,0x00000000f1c80000,0x00000000f4f80000)
 ParOldGen       total 181760K, used 181257K [0x00000000c1000000, 0x00000000cc180000, 0x00000000eb000000)
  object space 181760K, 99% used [0x00000000c1000000,0x00000000cc1024d0,0x00000000cc180000)
 Metaspace       used 12524K, capacity 12676K, committed 12800K, reserved 1060864K
  class space    used 1683K, capacity 1742K, committed 1792K, reserved 1048576K
}

